Flow report for ad9250_top
Mon Apr 23 19:41:58 2018
Quartus Prime Version 16.1.2 Build 203 01/18/2017 SJ Standard Edition


---------------------
; Table of Contents ;
---------------------
  1. Legal Notice
  2. Flow Summary
  3. Flow Settings
  4. Flow Non-Default Global Settings
  5. Flow Elapsed Time
  6. Flow OS Summary
  7. Flow Log
  8. Flow Messages
  9. Flow Suppressed Messages



----------------
; Legal Notice ;
----------------
Copyright (C) 2017  Intel Corporation. All rights reserved.
Your use of Intel Corporation's design tools, logic functions 
and other software and tools, and its AMPP partner logic 
functions, and any output files from any of the foregoing 
(including device programming or simulation files), and any 
associated documentation or information are expressly subject 
to the terms and conditions of the Intel Program License 
Subscription Agreement, the Intel Quartus Prime License Agreement,
the Intel MegaCore Function License Agreement, or other 
applicable license agreement, including, without limitation, 
that your use is for the sole purpose of programming logic 
devices manufactured by Intel and sold by Intel or its 
authorized distributors.  Please refer to the applicable 
agreement for further details.



+-------------------------------------------------------------------------------+
; Flow Summary                                                                  ;
+-----------------------------+-------------------------------------------------+
; Flow Status                 ; Successful - Mon Apr 23 19:41:58 2018           ;
; Quartus Prime Version       ; 16.1.2 Build 203 01/18/2017 SJ Standard Edition ;
; Revision Name               ; ad9250_top                                      ;
; Top-level Entity Name       ; ad9250_top                                      ;
; Family                      ; Arria 10                                        ;
; Device                      ; 10AS027H4F34I3SG                                ;
; Timing Models               ; Final                                           ;
; Logic utilization (in ALMs) ; N/A                                             ;
; Total registers             ; 1407                                            ;
; Total pins                  ; 40                                              ;
; Total virtual pins          ; 0                                               ;
; Total block memory bits     ; 4,480                                           ;
; Total DSP Blocks            ; 1                                               ;
; Total HSSI RX channels      ; 2                                               ;
; Total HSSI TX channels      ; 0                                               ;
; Total PLLs                  ; 3                                               ;
+-----------------------------+-------------------------------------------------+


+-----------------------------------------+
; Flow Settings                           ;
+-------------------+---------------------+
; Option            ; Setting             ;
+-------------------+---------------------+
; Start date & time ; 04/23/2018 19:41:17 ;
; Main task         ; Compilation         ;
; Revision Name     ; ad9250_top          ;
+-------------------+---------------------+


+--------------------------------------------------------------------------------------------------------------------------------------------------------------------+
; Flow Non-Default Global Settings                                                                                                                                   ;
+--------------------------------------+------------------------------------------------------------------------+---------------+-------------------+----------------+
; Assignment Name                      ; Value                                                                  ; Default Value ; Entity Name       ; Section Id     ;
+--------------------------------------+------------------------------------------------------------------------+---------------+-------------------+----------------+
; COMPILER_SIGNATURE_ID                ; 105852885452960.152448367702148                                        ; --            ; --                ; --             ;
; EDA_DESIGN_INSTANCE_NAME             ; i1                                                                     ; --            ; --                ; tb_ad9250_top  ;
; EDA_NATIVELINK_SIMULATION_TEST_BENCH ; tb_ad9250_top                                                          ; --            ; --                ; eda_simulation ;
; EDA_OUTPUT_DATA_FORMAT               ; Verilog Hdl                                                            ; --            ; --                ; eda_simulation ;
; EDA_SIMULATION_TOOL                  ; ModelSim-Altera (Verilog)                                              ; <None>        ; --                ; --             ;
; EDA_TEST_BENCH_ENABLE_STATUS         ; TEST_BENCH_MODE                                                        ; --            ; --                ; eda_simulation ;
; EDA_TEST_BENCH_FILE                  ; simulation/modelsim/tb_ad9250_top.vt                                   ; --            ; --                ; tb_ad9250_top  ;
; EDA_TEST_BENCH_FILE                  ; simulation/modelsim/pattern/alternate_checker.sv                       ; --            ; --                ; tb_ad9250_top  ;
; EDA_TEST_BENCH_FILE                  ; simulation/modelsim/pattern/alternate_generator.sv                     ; --            ; --                ; tb_ad9250_top  ;
; EDA_TEST_BENCH_FILE                  ; simulation/modelsim/pattern/pattern_checker_top.sv                     ; --            ; --                ; tb_ad9250_top  ;
; EDA_TEST_BENCH_FILE                  ; simulation/modelsim/pattern/pattern_generator_top.sv                   ; --            ; --                ; tb_ad9250_top  ;
; EDA_TEST_BENCH_FILE                  ; simulation/modelsim/pattern/prbs_checker.sv                            ; --            ; --                ; tb_ad9250_top  ;
; EDA_TEST_BENCH_FILE                  ; simulation/modelsim/pattern/prbs_generator.sv                          ; --            ; --                ; tb_ad9250_top  ;
; EDA_TEST_BENCH_FILE                  ; simulation/modelsim/pattern/ramp_checker.sv                            ; --            ; --                ; tb_ad9250_top  ;
; EDA_TEST_BENCH_FILE                  ; simulation/modelsim/pattern/ramp_generator.sv                          ; --            ; --                ; tb_ad9250_top  ;
; EDA_TEST_BENCH_FILE                  ; simulation/modelsim/transport_layer/altera_jesd204_assembler.sv        ; --            ; --                ; tb_ad9250_top  ;
; EDA_TEST_BENCH_FILE                  ; simulation/modelsim/transport_layer/altera_jesd204_deassembler.sv      ; --            ; --                ; tb_ad9250_top  ;
; EDA_TEST_BENCH_FILE                  ; simulation/modelsim/transport_layer/altera_jesd204_transport_rx_top.sv ; --            ; --                ; tb_ad9250_top  ;
; EDA_TEST_BENCH_FILE                  ; simulation/modelsim/transport_layer/altera_jesd204_transport_tx_top.sv ; --            ; --                ; tb_ad9250_top  ;
; EDA_TEST_BENCH_MODULE_NAME           ; ad9250_top_vlg_tst                                                     ; --            ; --                ; tb_ad9250_top  ;
; EDA_TEST_BENCH_NAME                  ; tb_ad9250_top                                                          ; --            ; --                ; eda_simulation ;
; EDA_TIME_SCALE                       ; 1 ps                                                                   ; --            ; --                ; eda_simulation ;
; MAX_CORE_JUNCTION_TEMP               ; 100                                                                    ; --            ; --                ; --             ;
; MIN_CORE_JUNCTION_TEMP               ; -40                                                                    ; --            ; --                ; --             ;
; MISC_FILE                            ; ip_core/tb_tx_phyrst_ctl/tb_tx_phyrst_ctl.cmp                          ; --            ; --                ; --             ;
; MISC_FILE                            ; ip_core/tb_tx_phyrst_ctl/../tb_tx_phyrst_ctl.qsys                      ; --            ; --                ; --             ;
; MISC_FILE                            ; ip_core/fifo_56_28/fifo_56_28/fifo_56_28.cmp                           ; --            ; --                ; --             ;
; MISC_FILE                            ; ip_core/fifo_56_28/fifo_56_28/../fifo_56_28.qsys                       ; --            ; --                ; --             ;
; MISC_FILE                            ; ip_core/tx_jesd204b/tx_jesd204b.cmp                                    ; --            ; --                ; --             ;
; MISC_FILE                            ; ip_core/tx_jesd204b/../tx_jesd204b.qsys                                ; --            ; --                ; --             ;
; MISC_FILE                            ; ip_core/rom_port/rom_port.cmp                                          ; --            ; --                ; --             ;
; MISC_FILE                            ; ip_core/rom_port/../rom_port.qsys                                      ; --            ; --                ; --             ;
; MISC_FILE                            ; ip_core/phyrst_controller/phyrst_controller.cmp                        ; --            ; --                ; --             ;
; MISC_FILE                            ; ip_core/phyrst_controller/../phyrst_controller.qsys                    ; --            ; --                ; --             ;
; MISC_FILE                            ; ip_core/jesd204b/jesd204b.cmp                                          ; --            ; --                ; --             ;
; MISC_FILE                            ; ip_core/jesd204b/../jesd204b.qsys                                      ; --            ; --                ; --             ;
; MISC_FILE                            ; ip_core/core_pll/core_pll.cmp                                          ; --            ; --                ; --             ;
; MISC_FILE                            ; ip_core/core_pll/../core_pll.qsys                                      ; --            ; --                ; --             ;
; MISC_FILE                            ; ip_core/atx_pll/atx_pll.cmp                                            ; --            ; --                ; --             ;
; MISC_FILE                            ; ip_core/atx_pll/../atx_pll.qsys                                        ; --            ; --                ; --             ;
; PARTITION_COLOR                      ; -- (Not supported for targeted family)                                 ; --            ; --                ; Top            ;
; PARTITION_FITTER_PRESERVATION_LEVEL  ; -- (Not supported for targeted family)                                 ; --            ; --                ; Top            ;
; PARTITION_NETLIST_TYPE               ; -- (Not supported for targeted family)                                 ; --            ; --                ; Top            ;
; POWER_BOARD_THERMAL_MODEL            ; None (CONSERVATIVE)                                                    ; --            ; --                ; --             ;
; POWER_PRESET_COOLING_SOLUTION        ; 23 MM HEAT SINK WITH 200 LFPM AIRFLOW                                  ; --            ; --                ; --             ;
; PROJECT_OUTPUT_DIRECTORY             ; output_files                                                           ; --            ; --                ; --             ;
; SLD_FILE                             ; ip_core/tb_tx_phyrst_ctl/tb_tx_phyrst_ctl.debuginfo                    ; --            ; --                ; --             ;
; SLD_FILE                             ; ip_core/fifo_56_28/fifo_56_28/fifo_56_28.debuginfo                     ; --            ; --                ; --             ;
; SLD_FILE                             ; ip_core/tx_jesd204b/tx_jesd204b.debuginfo                              ; --            ; --                ; --             ;
; SLD_FILE                             ; ip_core/rom_port/rom_port.debuginfo                                    ; --            ; --                ; --             ;
; SLD_FILE                             ; ip_core/phyrst_controller/phyrst_controller.debuginfo                  ; --            ; --                ; --             ;
; SLD_FILE                             ; ip_core/jesd204b/jesd204b.debuginfo                                    ; --            ; --                ; --             ;
; SLD_FILE                             ; ip_core/core_pll/core_pll.debuginfo                                    ; --            ; --                ; --             ;
; SLD_FILE                             ; ip_core/atx_pll/atx_pll.debuginfo                                      ; --            ; --                ; --             ;
; SLD_INFO                             ; QSYS_NAME atx_pll HAS_SOPCINFO 1 GENERATION_ID 1522805030              ; --            ; atx_pll           ; --             ;
; SLD_INFO                             ; QSYS_NAME core_pll HAS_SOPCINFO 1 GENERATION_ID 1523431580             ; --            ; core_pll          ; --             ;
; SLD_INFO                             ; QSYS_NAME fifo_56_28 HAS_SOPCINFO 1 GENERATION_ID 1524472213           ; --            ; fifo_56_28        ; --             ;
; SLD_INFO                             ; QSYS_NAME jesd204b HAS_SOPCINFO 1 GENERATION_ID 1522655942             ; --            ; jesd204b          ; --             ;
; SLD_INFO                             ; QSYS_NAME phyrst_controller HAS_SOPCINFO 1 GENERATION_ID 1522756311    ; --            ; phyrst_controller ; --             ;
; SLD_INFO                             ; QSYS_NAME rom_port HAS_SOPCINFO 1 GENERATION_ID 1524106701             ; --            ; rom_port          ; --             ;
; SLD_INFO                             ; QSYS_NAME tb_tx_phyrst_ctl HAS_SOPCINFO 1 GENERATION_ID 1524483669     ; --            ; tb_tx_phyrst_ctl  ; --             ;
; SLD_INFO                             ; QSYS_NAME tx_jesd204b HAS_SOPCINFO 1 GENERATION_ID 1524483533          ; --            ; tx_jesd204b       ; --             ;
; SOPCINFO_FILE                        ; ip_core/tb_tx_phyrst_ctl/../tb_tx_phyrst_ctl.sopcinfo                  ; --            ; --                ; --             ;
; SOPCINFO_FILE                        ; ip_core/fifo_56_28/fifo_56_28/../fifo_56_28.sopcinfo                   ; --            ; --                ; --             ;
; SOPCINFO_FILE                        ; ip_core/tx_jesd204b/../tx_jesd204b.sopcinfo                            ; --            ; --                ; --             ;
; SOPCINFO_FILE                        ; ip_core/rom_port/../rom_port.sopcinfo                                  ; --            ; --                ; --             ;
; SOPCINFO_FILE                        ; ip_core/phyrst_controller/../phyrst_controller.sopcinfo                ; --            ; --                ; --             ;
; SOPCINFO_FILE                        ; ip_core/jesd204b/../jesd204b.sopcinfo                                  ; --            ; --                ; --             ;
; SOPCINFO_FILE                        ; ip_core/core_pll/../core_pll.sopcinfo                                  ; --            ; --                ; --             ;
; SOPCINFO_FILE                        ; ip_core/atx_pll/../atx_pll.sopcinfo                                    ; --            ; --                ; --             ;
; SYNTHESIS_ONLY_QIP                   ; On                                                                     ; --            ; --                ; --             ;
; SYNTHESIS_ONLY_QIP                   ; On                                                                     ; --            ; --                ; --             ;
; SYNTHESIS_ONLY_QIP                   ; On                                                                     ; --            ; --                ; --             ;
; SYNTHESIS_ONLY_QIP                   ; On                                                                     ; --            ; --                ; --             ;
; SYNTHESIS_ONLY_QIP                   ; On                                                                     ; --            ; --                ; --             ;
; SYNTHESIS_ONLY_QIP                   ; On                                                                     ; --            ; --                ; --             ;
; SYNTHESIS_ONLY_QIP                   ; On                                                                     ; --            ; --                ; --             ;
; SYNTHESIS_ONLY_QIP                   ; On                                                                     ; --            ; --                ; --             ;
+--------------------------------------+------------------------------------------------------------------------+---------------+-------------------+----------------+


+--------------------------------------------------------------------------------------------------------------------------+
; Flow Elapsed Time                                                                                                        ;
+----------------------+--------------+-------------------------+---------------------+------------------------------------+
; Module Name          ; Elapsed Time ; Average Processors Used ; Peak Virtual Memory ; Total CPU Time (on all processors) ;
+----------------------+--------------+-------------------------+---------------------+------------------------------------+
; Analysis & Synthesis ; 00:00:39     ; 1.0                     ; 1076 MB             ; 00:01:02                           ;
; Total                ; 00:00:39     ; --                      ; --                  ; 00:01:02                           ;
+----------------------+--------------+-------------------------+---------------------+------------------------------------+


+-----------------------------------------------------------------------------------+
; Flow OS Summary                                                                   ;
+----------------------+------------------+-----------+------------+----------------+
; Module Name          ; Machine Hostname ; OS Name   ; OS Version ; Processor type ;
+----------------------+------------------+-----------+------------+----------------+
; Analysis & Synthesis ; PC-20180308ATBV  ; Windows 7 ; 6.1        ; x86_64         ;
+----------------------+------------------+-----------+------------+----------------+


------------
; Flow Log ;
------------
quartus_map --read_settings_files=on --write_settings_files=off ad9250_top -c ad9250_top



